c:\users\jdhmtd\source\repos\sfml_1\sfml_1\debug\vc142.pdb
c:\users\jdhmtd\source\repos\sfml_1\sfml_1\debug\vc142.idb
c:\users\jdhmtd\source\repos\sfml_1\sfml_1\debug\sfml.obj
c:\users\jdhmtd\source\repos\sfml_1\sfml_1\debug\animation.obj
c:\users\jdhmtd\source\repos\sfml_1\sfml_1\debug\circle.obj
c:\users\jdhmtd\source\repos\sfml_1\sfml_1\debug\mob.obj
c:\users\jdhmtd\source\repos\sfml_1\sfml_1\debug\state.obj
c:\users\jdhmtd\source\repos\sfml_1\sfml_1\debug\game.obj
c:\users\jdhmtd\source\repos\sfml_1\sfml_1\debug\gamestate.obj
c:\users\jdhmtd\source\repos\sfml_1\sfml_1\debug\entity.obj
c:\users\jdhmtd\source\repos\sfml_1\sfml_1\debug\mainmenustate.obj
c:\users\jdhmtd\source\repos\sfml_1\sfml_1\debug\button.obj
c:\users\jdhmtd\source\repos\sfml_1\debug\sfml_1.exe
c:\users\jdhmtd\source\repos\sfml_1\debug\sfml_1.ilk
c:\users\jdhmtd\source\repos\sfml_1\debug\sfml_1.pdb
c:\users\jdhmtd\source\repos\sfml_1\sfml_1\debug\player.obj
c:\users\jdhmtd\source\repos\sfml_1\sfml_1\debug\gamestate.new.obj.enc
c:\users\jdhmtd\source\repos\sfml_1\sfml_1\debug\mainmenustate.new.obj.enc
c:\users\jdhmtd\source\repos\sfml_1\sfml_1\debug\sfml.obj.enc
c:\users\jdhmtd\source\repos\sfml_1\sfml_1\debug\sfml_1.tlog\cl.command.1.tlog
c:\users\jdhmtd\source\repos\sfml_1\sfml_1\debug\sfml_1.tlog\cl.read.1.tlog
c:\users\jdhmtd\source\repos\sfml_1\sfml_1\debug\sfml_1.tlog\cl.write.1.tlog
c:\users\jdhmtd\source\repos\sfml_1\sfml_1\debug\sfml_1.tlog\link.command.1.tlog
c:\users\jdhmtd\source\repos\sfml_1\sfml_1\debug\sfml_1.tlog\link.read.1.tlog
c:\users\jdhmtd\source\repos\sfml_1\sfml_1\debug\sfml_1.tlog\link.write.1.tlog
