  Animation.cpp
  Bar.cpp
  BestScooreState.cpp
  Button.cpp
  DevelopersState.cpp
  EndState.cpp
  Game.cpp
  GameState.cpp
  Ghost.cpp
C:\Users\jdhmtd\source\repos\sfml_1\sfml_1\Ghost.cpp(142,59): warning C4244: '+=': conversion from 'double' to 'T', possible loss of data
C:\Users\jdhmtd\source\repos\sfml_1\sfml_1\Ghost.cpp(142,59): warning C4244:         with
C:\Users\jdhmtd\source\repos\sfml_1\sfml_1\Ghost.cpp(142,59): warning C4244:         [
C:\Users\jdhmtd\source\repos\sfml_1\sfml_1\Ghost.cpp(142,59): warning C4244:             T=float
C:\Users\jdhmtd\source\repos\sfml_1\sfml_1\Ghost.cpp(142,59): warning C4244:         ]
C:\Users\jdhmtd\source\repos\sfml_1\sfml_1\Ghost.cpp(143,58): warning C4244: '+=': conversion from 'double' to 'T', possible loss of data
C:\Users\jdhmtd\source\repos\sfml_1\sfml_1\Ghost.cpp(143,58): warning C4244:         with
C:\Users\jdhmtd\source\repos\sfml_1\sfml_1\Ghost.cpp(143,58): warning C4244:         [
C:\Users\jdhmtd\source\repos\sfml_1\sfml_1\Ghost.cpp(143,58): warning C4244:             T=float
C:\Users\jdhmtd\source\repos\sfml_1\sfml_1\Ghost.cpp(143,58): warning C4244:         ]
C:\Users\jdhmtd\source\repos\sfml_1\sfml_1\Ghost.cpp(191,61): warning C4244: '+=': conversion from 'double' to 'T', possible loss of data
C:\Users\jdhmtd\source\repos\sfml_1\sfml_1\Ghost.cpp(191,61): warning C4244:         with
C:\Users\jdhmtd\source\repos\sfml_1\sfml_1\Ghost.cpp(191,61): warning C4244:         [
C:\Users\jdhmtd\source\repos\sfml_1\sfml_1\Ghost.cpp(191,61): warning C4244:             T=float
C:\Users\jdhmtd\source\repos\sfml_1\sfml_1\Ghost.cpp(191,61): warning C4244:         ]
  List.cpp
  MainmenuState.cpp
  Map.cpp
C:\Users\jdhmtd\source\repos\sfml_1\sfml_1\Ghost.cpp(192,60): warning C4244: '+=': conversion from 'double' to 'T', possible loss of data
C:\Users\jdhmtd\source\repos\sfml_1\sfml_1\Ghost.cpp(192,60): warning C4244:         with
C:\Users\jdhmtd\source\repos\sfml_1\sfml_1\Ghost.cpp(192,60): warning C4244:         [
C:\Users\jdhmtd\source\repos\sfml_1\sfml_1\Ghost.cpp(192,60): warning C4244:             T=float
C:\Users\jdhmtd\source\repos\sfml_1\sfml_1\Ghost.cpp(192,60): warning C4244:         ]
C:\Users\jdhmtd\source\repos\sfml_1\sfml_1\Map.cpp(95,50): warning C4244: '+=': conversion from 'double' to 'T', possible loss of data
C:\Users\jdhmtd\source\repos\sfml_1\sfml_1\Map.cpp(95,50): warning C4244:         with
C:\Users\jdhmtd\source\repos\sfml_1\sfml_1\Map.cpp(95,50): warning C4244:         [
C:\Users\jdhmtd\source\repos\sfml_1\sfml_1\Map.cpp(95,50): warning C4244:             T=float
C:\Users\jdhmtd\source\repos\sfml_1\sfml_1\Map.cpp(95,50): warning C4244:         ]
  PackMan.cpp
  PauseMenuState.cpp
  Settings.cpp
  settingsState.cpp
C:\Users\jdhmtd\source\repos\sfml_1\sfml_1\Map.cpp(96,49): warning C4244: '+=': conversion from 'double' to 'T', possible loss of data
C:\Users\jdhmtd\source\repos\sfml_1\sfml_1\Map.cpp(96,49): warning C4244:         with
C:\Users\jdhmtd\source\repos\sfml_1\sfml_1\Map.cpp(96,49): warning C4244:         [
C:\Users\jdhmtd\source\repos\sfml_1\sfml_1\Map.cpp(96,49): warning C4244:             T=float
C:\Users\jdhmtd\source\repos\sfml_1\sfml_1\Map.cpp(96,49): warning C4244:         ]
C:\Users\jdhmtd\source\repos\sfml_1\sfml_1\settingsState.cpp(126,9): warning C4244: 'argument': conversion from 'double' to 'T', possible loss of data
C:\Users\jdhmtd\source\repos\sfml_1\sfml_1\settingsState.cpp(126,9): warning C4244:         with
C:\Users\jdhmtd\source\repos\sfml_1\sfml_1\settingsState.cpp(126,9): warning C4244:         [
C:\Users\jdhmtd\source\repos\sfml_1\sfml_1\settingsState.cpp(126,9): warning C4244:             T=float
C:\Users\jdhmtd\source\repos\sfml_1\sfml_1\settingsState.cpp(126,9): warning C4244:         ]
  sfml.cpp
  state.cpp
  Textbox.cpp
  Generating Code...
C:\Users\jdhmtd\source\repos\sfml_1\sfml_1\settingsState.cpp(215,10): warning C4244: 'argument': conversion from 'double' to 'T', possible loss of data
C:\Users\jdhmtd\source\repos\sfml_1\sfml_1\settingsState.cpp(215,10): warning C4244:         with
C:\Users\jdhmtd\source\repos\sfml_1\sfml_1\settingsState.cpp(215,10): warning C4244:         [
C:\Users\jdhmtd\source\repos\sfml_1\sfml_1\settingsState.cpp(215,10): warning C4244:             T=float
C:\Users\jdhmtd\source\repos\sfml_1\sfml_1\settingsState.cpp(215,10): warning C4244:         ]
  sfml_1.vcxproj -> C:\Users\jdhmtd\source\repos\sfml_1\Debug\sfml_1.exe
